# JRE version: Java(TM) SE Runtime Environment (17.0.12+8) (build 17.0.12+8-LTS-286)
# Java VM: Java HotSpot(TM) 64-Bit Server VM (17.0.12+8-LTS-286, mixed mode, sharing, tiered, compressed oops, compressed class ptrs, g1 gc, windows-amd64)
GC Precious Log:
 CPUs: 4 total, 4 available
 Memory: 7991M
 Large Page Support: Disabled
 NUMA Support: Disabled
 Compressed Oops: Enabled (32-bit)
 Heap Region Size: 1M
 Heap Min Capacity: 8M
 Heap Initial Capacity: 126M
 Heap Max Capacity: 1998M
 Pre-touch: Disabled
 Parallel Workers: 4
 Concurrent Workers: 1
 Concurrent Refinement Workers: 4
 Periodic GC: Disabled
Heap:
 garbage-first heap   total 216064K, used 106386K [0x0000000083200000, 0x0000000100000000)
  region size 1024K, 66 young (67584K), 4 survivors (4096K)
 Metaspace       used 80371K, committed 80960K, reserved 1179648K
  class space    used 10945K, committed 11200K, reserved 1048576K
GC Heap History (20 events):
Event: 15.725 GC heap before
{Heap before GC invocations=26 (full 0):
 garbage-first heap   total 61440K, used 46490K [0x0000000083200000, 0x0000000100000000)
  region size 1024K, 16 young (16384K), 3 survivors (3072K)
 Metaspace       used 67386K, committed 67904K, reserved 1114112K
  class space    used 9055K, committed 9280K, reserved 1048576K
}
Event: 15.728 GC heap after
{Heap after GC invocations=27 (full 0):
 garbage-first heap   total 61440K, used 33548K [0x0000000083200000, 0x0000000100000000)
  region size 1024K, 1 young (1024K), 1 survivors (1024K)
 Metaspace       used 67386K, committed 67904K, reserved 1114112K
  class space    used 9055K, committed 9280K, reserved 1048576K
}
Event: 16.004 GC heap before
{Heap before GC invocations=27 (full 0):
 garbage-first heap   total 61440K, used 49932K [0x0000000083200000, 0x0000000100000000)
  region size 1024K, 18 young (18432K), 1 survivors (1024K)
 Metaspace       used 71120K, committed 71744K, reserved 1114112K
  class space    used 9787K, committed 10112K, reserved 1048576K
}
Event: 16.007 GC heap after
{Heap after GC invocations=28 (full 0):
 garbage-first heap   total 73728K, used 35360K [0x0000000083200000, 0x0000000100000000)
  region size 1024K, 3 young (3072K), 3 survivors (3072K)
 Metaspace       used 71120K, committed 71744K, reserved 1114112K
  class space    used 9787K, committed 10112K, reserved 1048576K
}
Event: 16.271 GC heap before
{Heap before GC invocations=29 (full 0):
 garbage-first heap   total 73728K, used 57888K [0x0000000083200000, 0x0000000100000000)
  region size 1024K, 25 young (25600K), 3 survivors (3072K)
 Metaspace       used 72855K, committed 73472K, reserved 1114112K
  class space    used 10013K, committed 10304K, reserved 1048576K
}
Event: 16.279 GC heap after
{Heap after GC invocations=30 (full 0):
 garbage-first heap   total 73728K, used 36451K [0x0000000083200000, 0x0000000100000000)
  region size 1024K, 3 young (3072K), 3 survivors (3072K)
 Metaspace       used 72855K, committed 73472K, reserved 1114112K
  class space    used 10013K, committed 10304K, reserved 1048576K
}
Event: 16.430 GC heap before
{Heap before GC invocations=30 (full 0):
 garbage-first heap   total 73728K, used 60003K [0x0000000083200000, 0x0000000100000000)
  region size 1024K, 26 young (26624K), 3 survivors (3072K)
 Metaspace       used 73073K, committed 73664K, reserved 1114112K
  class space    used 10032K, committed 10368K, reserved 1048576K
}
Event: 16.434 GC heap after
{Heap after GC invocations=31 (full 0):
 garbage-first heap   total 73728K, used 37405K [0x0000000083200000, 0x0000000100000000)
  region size 1024K, 3 young (3072K), 3 survivors (3072K)
 Metaspace       used 73073K, committed 73664K, reserved 1114112K
  class space    used 10032K, committed 10368K, reserved 1048576K
}
Event: 16.555 GC heap before
{Heap before GC invocations=32 (full 0):
 garbage-first heap   total 80896K, used 58909K [0x0000000083200000, 0x0000000100000000)
  region size 1024K, 24 young (24576K), 3 survivors (3072K)
 Metaspace       used 73128K, committed 73728K, reserved 1114112K
  class space    used 10033K, committed 10368K, reserved 1048576K
}
Event: 16.561 GC heap after
{Heap after GC invocations=33 (full 0):
 garbage-first heap   total 80896K, used 40471K [0x0000000083200000, 0x0000000100000000)
  region size 1024K, 3 young (3072K), 3 survivors (3072K)
 Metaspace       used 73128K, committed 73728K, reserved 1114112K
  class space    used 10033K, committed 10368K, reserved 1048576K
}
Event: 16.564 GC heap before
{Heap before GC invocations=33 (full 0):
 garbage-first heap   total 80896K, used 41495K [0x0000000083200000, 0x0000000100000000)
  region size 1024K, 4 young (4096K), 3 survivors (3072K)
 Metaspace       used 73128K, committed 73728K, reserved 1114112K
  class space    used 10033K, committed 10368K, reserved 1048576K
}
Event: 16.568 GC heap after
{Heap after GC invocations=34 (full 0):
 garbage-first heap   total 80896K, used 40715K [0x0000000083200000, 0x0000000100000000)
  region size 1024K, 1 young (1024K), 1 survivors (1024K)
 Metaspace       used 73128K, committed 73728K, reserved 1114112K
  class space    used 10033K, committed 10368K, reserved 1048576K
}
Event: 16.705 GC heap before
{Heap before GC invocations=34 (full 0):
 garbage-first heap   total 80896K, used 64267K [0x0000000083200000, 0x0000000100000000)
  region size 1024K, 24 young (24576K), 1 survivors (1024K)
 Metaspace       used 73306K, committed 73920K, reserved 1114112K
  class space    used 10057K, committed 10368K, reserved 1048576K
}
Event: 16.706 GC heap after
{Heap after GC invocations=35 (full 0):
 garbage-first heap   total 80896K, used 40958K [0x0000000083200000, 0x0000000100000000)
  region size 1024K, 1 young (1024K), 1 survivors (1024K)
 Metaspace       used 73306K, committed 73920K, reserved 1114112K
  class space    used 10057K, committed 10368K, reserved 1048576K
}
Event: 16.899 GC heap before
{Heap before GC invocations=36 (full 0):
 garbage-first heap   total 80896K, used 65534K [0x0000000083200000, 0x0000000100000000)
  region size 1024K, 25 young (25600K), 1 survivors (1024K)
 Metaspace       used 73455K, committed 74048K, reserved 1114112K
  class space    used 10067K, committed 10368K, reserved 1048576K
}
Event: 16.901 GC heap after
{Heap after GC invocations=37 (full 0):
 garbage-first heap   total 80896K, used 41756K [0x0000000083200000, 0x0000000100000000)
  region size 1024K, 2 young (2048K), 2 survivors (2048K)
 Metaspace       used 73455K, committed 74048K, reserved 1114112K
  class space    used 10067K, committed 10368K, reserved 1048576K
}
Event: 16.904 GC heap before
{Heap before GC invocations=37 (full 0):
 garbage-first heap   total 80896K, used 42780K [0x0000000083200000, 0x0000000100000000)
  region size 1024K, 3 young (3072K), 2 survivors (2048K)
 Metaspace       used 73455K, committed 74048K, reserved 1114112K
  class space    used 10067K, committed 10368K, reserved 1048576K
}
Event: 16.908 GC heap after
{Heap after GC invocations=38 (full 0):
 garbage-first heap   total 216064K, used 40461K [0x0000000083200000, 0x0000000100000000)
  region size 1024K, 1 young (1024K), 1 survivors (1024K)
 Metaspace       used 73455K, committed 74048K, reserved 1114112K
  class space    used 10067K, committed 10368K, reserved 1048576K
}
Event: 17.717 GC heap before
{Heap before GC invocations=38 (full 0):
 garbage-first heap   total 216064K, used 168461K [0x0000000083200000, 0x0000000100000000)
  region size 1024K, 126 young (129024K), 1 survivors (1024K)
 Metaspace       used 75087K, committed 75712K, reserved 1114112K
  class space    used 10204K, committed 10496K, reserved 1048576K
}
Event: 17.725 GC heap after
{Heap after GC invocations=39 (full 0):
 garbage-first heap   total 216064K, used 43922K [0x0000000083200000, 0x0000000100000000)
  region size 1024K, 4 young (4096K), 4 survivors (4096K)
 Metaspace       used 75087K, committed 75712K, reserved 1114112K
  class space    used 10204K, committed 10496K, reserved 1048576K
}

