# JRE version: Java(TM) SE Runtime Environment (17.0.12+8) (build 17.0.12+8-LTS-286)
# Java VM: Java HotSpot(TM) 64-Bit Server VM (17.0.12+8-LTS-286, mixed mode, sharing, tiered, compressed oops, compressed class ptrs, g1 gc, windows-amd64)
GC Precious Log:
 CPUs: 4 total, 4 available
 Memory: 7991M
 Large Page Support: Disabled
 NUMA Support: Disabled
 Compressed Oops: Enabled (32-bit)
 Heap Region Size: 1M
 Heap Min Capacity: 8M
 Heap Initial Capacity: 126M
 Heap Max Capacity: 1998M
 Pre-touch: Disabled
 Parallel Workers: 4
 Concurrent Workers: 1
 Concurrent Refinement Workers: 4
 Periodic GC: Disabled
Heap:
 garbage-first heap   total 101376K, used 71201K [0x0000000083200000, 0x0000000100000000)
  region size 1024K, 31 young (31744K), 5 survivors (5120K)
 Metaspace       used 84311K, committed 84992K, reserved 1179648K
  class space    used 11434K, committed 11776K, reserved 1048576K
GC Heap History (20 events):
Event: 14.879 GC heap before
{Heap before GC invocations=33 (full 0):
 garbage-first heap   total 68608K, used 56438K [0x0000000083200000, 0x0000000100000000)
  region size 1024K, 24 young (24576K), 1 survivors (1024K)
 Metaspace       used 71123K, committed 71680K, reserved 1114112K
  class space    used 9779K, committed 10048K, reserved 1048576K
}
Event: 14.883 GC heap after
{Heap after GC invocations=34 (full 0):
 garbage-first heap   total 82944K, used 34865K [0x0000000083200000, 0x0000000100000000)
  region size 1024K, 3 young (3072K), 3 survivors (3072K)
 Metaspace       used 71123K, committed 71680K, reserved 1114112K
  class space    used 9779K, committed 10048K, reserved 1048576K
}
Event: 15.205 GC heap before
{Heap before GC invocations=35 (full 0):
 garbage-first heap   total 82944K, used 66609K [0x0000000083200000, 0x0000000100000000)
  region size 1024K, 34 young (34816K), 3 survivors (3072K)
 Metaspace       used 73022K, committed 73664K, reserved 1114112K
  class space    used 10024K, committed 10304K, reserved 1048576K
}
Event: 15.209 GC heap after
{Heap after GC invocations=36 (full 0):
 garbage-first heap   total 82944K, used 36900K [0x0000000083200000, 0x0000000100000000)
  region size 1024K, 5 young (5120K), 5 survivors (5120K)
 Metaspace       used 73022K, committed 73664K, reserved 1114112K
  class space    used 10024K, committed 10304K, reserved 1048576K
}
Event: 15.340 GC heap before
{Heap before GC invocations=36 (full 0):
 garbage-first heap   total 82944K, used 66596K [0x0000000083200000, 0x0000000100000000)
  region size 1024K, 34 young (34816K), 5 survivors (5120K)
 Metaspace       used 73093K, committed 73728K, reserved 1114112K
  class space    used 10026K, committed 10304K, reserved 1048576K
}
Event: 15.346 GC heap after
{Heap after GC invocations=37 (full 0):
 garbage-first heap   total 82944K, used 39853K [0x0000000083200000, 0x0000000100000000)
  region size 1024K, 5 young (5120K), 5 survivors (5120K)
 Metaspace       used 73093K, committed 73728K, reserved 1114112K
  class space    used 10026K, committed 10304K, reserved 1048576K
}
Event: 15.507 GC heap before
{Heap before GC invocations=37 (full 0):
 garbage-first heap   total 82944K, used 65453K [0x0000000083200000, 0x0000000100000000)
  region size 1024K, 30 young (30720K), 5 survivors (5120K)
 Metaspace       used 73290K, committed 73856K, reserved 1114112K
  class space    used 10050K, committed 10304K, reserved 1048576K
}
Event: 15.512 GC heap after
{Heap after GC invocations=38 (full 0):
 garbage-first heap   total 82944K, used 38227K [0x0000000083200000, 0x0000000100000000)
  region size 1024K, 1 young (1024K), 1 survivors (1024K)
 Metaspace       used 73290K, committed 73856K, reserved 1114112K
  class space    used 10050K, committed 10304K, reserved 1048576K
}
Event: 15.719 GC heap before
{Heap before GC invocations=38 (full 0):
 garbage-first heap   total 82944K, used 65875K [0x0000000083200000, 0x0000000100000000)
  region size 1024K, 28 young (28672K), 1 survivors (1024K)
 Metaspace       used 73454K, committed 74112K, reserved 1114112K
  class space    used 10060K, committed 10368K, reserved 1048576K
}
Event: 15.722 GC heap after
{Heap after GC invocations=39 (full 0):
 garbage-first heap   total 82944K, used 39129K [0x0000000083200000, 0x0000000100000000)
  region size 1024K, 2 young (2048K), 2 survivors (2048K)
 Metaspace       used 73454K, committed 74112K, reserved 1114112K
  class space    used 10060K, committed 10368K, reserved 1048576K
}
Event: 15.957 GC heap before
{Heap before GC invocations=40 (full 0):
 garbage-first heap   total 82944K, used 66777K [0x0000000083200000, 0x0000000100000000)
  region size 1024K, 29 young (29696K), 2 survivors (2048K)
 Metaspace       used 73814K, committed 74368K, reserved 1114112K
  class space    used 10091K, committed 10368K, reserved 1048576K
}
Event: 15.960 GC heap after
{Heap after GC invocations=41 (full 0):
 garbage-first heap   total 82944K, used 39773K [0x0000000083200000, 0x0000000100000000)
  region size 1024K, 3 young (3072K), 3 survivors (3072K)
 Metaspace       used 73814K, committed 74368K, reserved 1114112K
  class space    used 10091K, committed 10368K, reserved 1048576K
}
Event: 16.132 GC heap before
{Heap before GC invocations=41 (full 0):
 garbage-first heap   total 82944K, used 67421K [0x0000000083200000, 0x0000000100000000)
  region size 1024K, 30 young (30720K), 3 survivors (3072K)
 Metaspace       used 73983K, committed 74624K, reserved 1114112K
  class space    used 10099K, committed 10432K, reserved 1048576K
}
Event: 16.136 GC heap after
{Heap after GC invocations=42 (full 0):
 garbage-first heap   total 101376K, used 40718K [0x0000000083200000, 0x0000000100000000)
  region size 1024K, 3 young (3072K), 3 survivors (3072K)
 Metaspace       used 73983K, committed 74624K, reserved 1114112K
  class space    used 10099K, committed 10432K, reserved 1048576K
}
Event: 16.531 GC heap before
{Heap before GC invocations=43 (full 0):
 garbage-first heap   total 101376K, used 83726K [0x0000000083200000, 0x0000000100000000)
  region size 1024K, 45 young (46080K), 3 survivors (3072K)
 Metaspace       used 74729K, committed 75328K, reserved 1114112K
  class space    used 10178K, committed 10496K, reserved 1048576K
}
Event: 16.536 GC heap after
{Heap after GC invocations=44 (full 0):
 garbage-first heap   total 101376K, used 41761K [0x0000000083200000, 0x0000000100000000)
  region size 1024K, 4 young (4096K), 4 survivors (4096K)
 Metaspace       used 74729K, committed 75328K, reserved 1114112K
  class space    used 10178K, committed 10496K, reserved 1048576K
}
Event: 17.152 GC heap before
{Heap before GC invocations=44 (full 0):
 garbage-first heap   total 101376K, used 84769K [0x0000000083200000, 0x0000000100000000)
  region size 1024K, 46 young (47104K), 4 survivors (4096K)
 Metaspace       used 76083K, committed 76672K, reserved 1179648K
  class space    used 10334K, committed 10624K, reserved 1048576K
}
Event: 17.158 GC heap after
{Heap after GC invocations=45 (full 0):
 garbage-first heap   total 101376K, used 43810K [0x0000000083200000, 0x0000000100000000)
  region size 1024K, 5 young (5120K), 5 survivors (5120K)
 Metaspace       used 76083K, committed 76672K, reserved 1179648K
  class space    used 10334K, committed 10624K, reserved 1048576K
}
Event: 22.905 GC heap before
{Heap before GC invocations=45 (full 0):
 garbage-first heap   total 101376K, used 84770K [0x0000000083200000, 0x0000000100000000)
  region size 1024K, 45 young (46080K), 5 survivors (5120K)
 Metaspace       used 80639K, committed 81216K, reserved 1179648K
  class space    used 10977K, committed 11264K, reserved 1048576K
}
Event: 22.916 GC heap after
{Heap after GC invocations=46 (full 0):
 garbage-first heap   total 101376K, used 46625K [0x0000000083200000, 0x0000000100000000)
  region size 1024K, 5 young (5120K), 5 survivors (5120K)
 Metaspace       used 80639K, committed 81216K, reserved 1179648K
  class space    used 10977K, committed 11264K, reserved 1048576K
}

