# JRE version: Java(TM) SE Runtime Environment (17.0.12+8) (build 17.0.12+8-LTS-286)
# Java VM: Java HotSpot(TM) 64-Bit Server VM (17.0.12+8-LTS-286, mixed mode, sharing, tiered, compressed oops, compressed class ptrs, g1 gc, windows-amd64)
GC Precious Log:
 CPUs: 4 total, 4 available
 Memory: 7991M
 Large Page Support: Disabled
 NUMA Support: Disabled
 Compressed Oops: Enabled (32-bit)
 Heap Region Size: 1M
 Heap Min Capacity: 8M
 Heap Initial Capacity: 126M
 Heap Max Capacity: 1998M
 Pre-touch: Disabled
 Parallel Workers: 4
 Concurrent Workers: 1
 Concurrent Refinement Workers: 4
 Periodic GC: Disabled
Heap:
 garbage-first heap   total 163840K, used 53452K [0x0000000083200000, 0x0000000100000000)
  region size 1024K, 6 young (6144K), 4 survivors (4096K)
 Metaspace       used 90900K, committed 91712K, reserved 1179648K
  class space    used 11997K, committed 12416K, reserved 1048576K
GC Heap History (20 events):
Event: 20.267 GC heap before
{Heap before GC invocations=40 (full 0):
 garbage-first heap   total 86016K, used 70489K [0x0000000083200000, 0x0000000100000000)
  region size 1024K, 29 young (29696K), 1 survivors (1024K)
 Metaspace       used 74109K, committed 74688K, reserved 1114112K
  class space    used 10102K, committed 10368K, reserved 1048576K
}
Event: 20.270 GC heap after
{Heap after GC invocations=41 (full 0):
 garbage-first heap   total 86016K, used 42870K [0x0000000083200000, 0x0000000100000000)
  region size 1024K, 2 young (2048K), 2 survivors (2048K)
 Metaspace       used 74109K, committed 74688K, reserved 1114112K
  class space    used 10102K, committed 10368K, reserved 1048576K
}
Event: 20.274 GC heap before
{Heap before GC invocations=41 (full 0):
 garbage-first heap   total 86016K, used 44918K [0x0000000083200000, 0x0000000100000000)
  region size 1024K, 4 young (4096K), 2 survivors (2048K)
 Metaspace       used 74110K, committed 74688K, reserved 1114112K
  class space    used 10102K, committed 10368K, reserved 1048576K
}
Event: 20.277 GC heap after
{Heap after GC invocations=42 (full 0):
 garbage-first heap   total 86016K, used 42585K [0x0000000083200000, 0x0000000100000000)
  region size 1024K, 1 young (1024K), 1 survivors (1024K)
 Metaspace       used 74110K, committed 74688K, reserved 1114112K
  class space    used 10102K, committed 10368K, reserved 1048576K
}
Event: 20.734 GC heap before
{Heap before GC invocations=42 (full 0):
 garbage-first heap   total 86016K, used 70233K [0x0000000083200000, 0x0000000100000000)
  region size 1024K, 28 young (28672K), 1 survivors (1024K)
 Metaspace       used 74764K, committed 75456K, reserved 1114112K
  class space    used 10178K, committed 10560K, reserved 1048576K
}
Event: 20.738 GC heap after
{Heap after GC invocations=43 (full 0):
 garbage-first heap   total 193536K, used 43421K [0x0000000083200000, 0x0000000100000000)
  region size 1024K, 2 young (2048K), 2 survivors (2048K)
 Metaspace       used 74764K, committed 75456K, reserved 1114112K
  class space    used 10178K, committed 10560K, reserved 1048576K
}
Event: 29.788 GC heap before
{Heap before GC invocations=44 (full 0):
 garbage-first heap   total 163840K, used 139677K [0x0000000083200000, 0x0000000100000000)
  region size 1024K, 96 young (98304K), 2 survivors (2048K)
 Metaspace       used 81576K, committed 82240K, reserved 1179648K
  class space    used 11100K, committed 11392K, reserved 1048576K
}
Event: 29.797 GC heap after
{Heap after GC invocations=45 (full 0):
 garbage-first heap   total 163840K, used 48559K [0x0000000083200000, 0x0000000100000000)
  region size 1024K, 7 young (7168K), 7 survivors (7168K)
 Metaspace       used 81576K, committed 82240K, reserved 1179648K
  class space    used 11100K, committed 11392K, reserved 1048576K
}
Event: 32.791 GC heap before
{Heap before GC invocations=45 (full 0):
 garbage-first heap   total 163840K, used 49583K [0x0000000083200000, 0x0000000100000000)
  region size 1024K, 8 young (8192K), 7 survivors (7168K)
 Metaspace       used 81612K, committed 82240K, reserved 1179648K
  class space    used 11100K, committed 11392K, reserved 1048576K
}
Event: 32.797 GC heap after
{Heap after GC invocations=46 (full 0):
 garbage-first heap   total 163840K, used 49330K [0x0000000083200000, 0x0000000100000000)
  region size 1024K, 1 young (1024K), 1 survivors (1024K)
 Metaspace       used 81612K, committed 82240K, reserved 1179648K
  class space    used 11100K, committed 11392K, reserved 1048576K
}
Event: 186.801 GC heap before
{Heap before GC invocations=46 (full 0):
 garbage-first heap   total 163840K, used 130226K [0x0000000083200000, 0x0000000100000000)
  region size 1024K, 81 young (82944K), 1 survivors (1024K)
 Metaspace       used 87662K, committed 88384K, reserved 1179648K
  class space    used 11867K, committed 12224K, reserved 1048576K
}
Event: 186.869 GC heap after
{Heap after GC invocations=47 (full 0):
 garbage-first heap   total 163840K, used 50679K [0x0000000083200000, 0x0000000100000000)
  region size 1024K, 3 young (3072K), 3 survivors (3072K)
 Metaspace       used 87662K, committed 88384K, reserved 1179648K
  class space    used 11867K, committed 12224K, reserved 1048576K
}
Event: 324.229 GC heap before
{Heap before GC invocations=47 (full 0):
 garbage-first heap   total 163840K, used 131575K [0x0000000083200000, 0x0000000100000000)
  region size 1024K, 83 young (84992K), 3 survivors (3072K)
 Metaspace       used 89603K, committed 90368K, reserved 1179648K
  class space    used 11963K, committed 12352K, reserved 1048576K
}
Event: 324.251 GC heap after
{Heap after GC invocations=48 (full 0):
 garbage-first heap   total 163840K, used 51976K [0x0000000083200000, 0x0000000100000000)
  region size 1024K, 4 young (4096K), 4 survivors (4096K)
 Metaspace       used 89603K, committed 90368K, reserved 1179648K
  class space    used 11963K, committed 12352K, reserved 1048576K
}
Event: 441.531 GC heap before
{Heap before GC invocations=48 (full 0):
 garbage-first heap   total 163840K, used 135944K [0x0000000083200000, 0x0000000100000000)
  region size 1024K, 86 young (88064K), 4 survivors (4096K)
 Metaspace       used 90513K, committed 91328K, reserved 1179648K
  class space    used 11997K, committed 12416K, reserved 1048576K
}
Event: 441.555 GC heap after
{Heap after GC invocations=49 (full 0):
 garbage-first heap   total 163840K, used 52428K [0x0000000083200000, 0x0000000100000000)
  region size 1024K, 4 young (4096K), 4 survivors (4096K)
 Metaspace       used 90513K, committed 91328K, reserved 1179648K
  class space    used 11997K, committed 12416K, reserved 1048576K
}
Event: 689.770 GC heap before
{Heap before GC invocations=49 (full 0):
 garbage-first heap   total 163840K, used 138444K [0x0000000083200000, 0x0000000100000000)
  region size 1024K, 88 young (90112K), 4 survivors (4096K)
 Metaspace       used 90867K, committed 91648K, reserved 1179648K
  class space    used 11997K, committed 12416K, reserved 1048576K
}
Event: 689.805 GC heap after
{Heap after GC invocations=50 (full 0):
 garbage-first heap   total 163840K, used 52428K [0x0000000083200000, 0x0000000100000000)
  region size 1024K, 4 young (4096K), 4 survivors (4096K)
 Metaspace       used 90867K, committed 91648K, reserved 1179648K
  class space    used 11997K, committed 12416K, reserved 1048576K
}
Event: 939.524 GC heap before
{Heap before GC invocations=50 (full 0):
 garbage-first heap   total 163840K, used 139468K [0x0000000083200000, 0x0000000100000000)
  region size 1024K, 89 young (91136K), 4 survivors (4096K)
 Metaspace       used 90900K, committed 91712K, reserved 1179648K
  class space    used 11997K, committed 12416K, reserved 1048576K
}
Event: 939.602 GC heap after
{Heap after GC invocations=51 (full 0):
 garbage-first heap   total 163840K, used 52428K [0x0000000083200000, 0x0000000100000000)
  region size 1024K, 4 young (4096K), 4 survivors (4096K)
 Metaspace       used 90900K, committed 91712K, reserved 1179648K
  class space    used 11997K, committed 12416K, reserved 1048576K
}

